#! /usr/local/Cellar/icarus-verilog/11.0/bin/vvp
:ivl_version "11.0 (stable)";
:ivl_delay_selection "TYPICAL";
:vpi_time_precision + 0;
:vpi_module "/usr/local/Cellar/icarus-verilog/11.0/lib/ivl/system.vpi";
:vpi_module "/usr/local/Cellar/icarus-verilog/11.0/lib/ivl/vhdl_sys.vpi";
:vpi_module "/usr/local/Cellar/icarus-verilog/11.0/lib/ivl/vhdl_textio.vpi";
:vpi_module "/usr/local/Cellar/icarus-verilog/11.0/lib/ivl/v2005_math.vpi";
:vpi_module "/usr/local/Cellar/icarus-verilog/11.0/lib/ivl/va_math.vpi";
S_0x7fba0971cd20 .scope module, "testbench" "testbench" 2 43;
 .timescale 0 0;
v0x7fba09744e90_0 .var "a", 0 0;
v0x7fba09744f20_0 .var "b", 0 0;
v0x7fba09744fb0_0 .var "c", 0 0;
v0x7fba09745040_0 .var "d", 0 0;
v0x7fba097450f0_0 .net "f0", 0 0, v0x7fba0971d070_0;  1 drivers
v0x7fba097451c0_0 .net "f1", 0 0, v0x7fba09744490_0;  1 drivers
v0x7fba09745270_0 .net "f2", 0 0, v0x7fba09744530_0;  1 drivers
v0x7fba09745320_0 .net "f3", 0 0, v0x7fba097445c0_0;  1 drivers
v0x7fba097453d0_0 .net "f4", 0 0, v0x7fba09744660_0;  1 drivers
v0x7fba09745500_0 .net "f5", 0 0, v0x7fba09744740_0;  1 drivers
v0x7fba09745590_0 .net "f6", 0 0, v0x7fba097447e0_0;  1 drivers
v0x7fba09745620_0 .net "f7", 0 0, v0x7fba09744880_0;  1 drivers
v0x7fba097456b0_0 .net "f8", 0 0, v0x7fba09744920_0;  1 drivers
v0x7fba09745760_0 .net "f9", 0 0, v0x7fba09744a30_0;  1 drivers
v0x7fba09745810_0 .var "i", 4 0;
S_0x7fba097066d0 .scope module, "zap" "Breadboard" 2 52, 2 1 0, S_0x7fba0971cd20;
 .timescale 0 0;
    .port_info 0 /INPUT 1 "w";
    .port_info 1 /INPUT 1 "x";
    .port_info 2 /INPUT 1 "y";
    .port_info 3 /INPUT 1 "z";
    .port_info 4 /OUTPUT 1 "r0";
    .port_info 5 /OUTPUT 1 "r1";
    .port_info 6 /OUTPUT 1 "r2";
    .port_info 7 /OUTPUT 1 "r3";
    .port_info 8 /OUTPUT 1 "r4";
    .port_info 9 /OUTPUT 1 "r5";
    .port_info 10 /OUTPUT 1 "r6";
    .port_info 11 /OUTPUT 1 "r7";
    .port_info 12 /OUTPUT 1 "r8";
    .port_info 13 /OUTPUT 1 "r9";
v0x7fba0971d070_0 .var "r0", 0 0;
v0x7fba09744490_0 .var "r1", 0 0;
v0x7fba09744530_0 .var "r2", 0 0;
v0x7fba097445c0_0 .var "r3", 0 0;
v0x7fba09744660_0 .var "r4", 0 0;
v0x7fba09744740_0 .var "r5", 0 0;
v0x7fba097447e0_0 .var "r6", 0 0;
v0x7fba09744880_0 .var "r7", 0 0;
v0x7fba09744920_0 .var "r8", 0 0;
v0x7fba09744a30_0 .var "r9", 0 0;
v0x7fba09744ac0_0 .net "w", 0 0, v0x7fba09744e90_0;  1 drivers
v0x7fba09744b60_0 .net "x", 0 0, v0x7fba09744f20_0;  1 drivers
v0x7fba09744c00_0 .net "y", 0 0, v0x7fba09744fb0_0;  1 drivers
v0x7fba09744ca0_0 .net "z", 0 0, v0x7fba09745040_0;  1 drivers
E_0x7fba0971ea30/0 .event edge, v0x7fba09744a30_0, v0x7fba09744920_0, v0x7fba09744880_0, v0x7fba097447e0_0;
E_0x7fba0971ea30/1 .event edge, v0x7fba09744740_0, v0x7fba09744660_0, v0x7fba097445c0_0, v0x7fba09744530_0;
E_0x7fba0971ea30/2 .event edge, v0x7fba09744490_0, v0x7fba0971d070_0, v0x7fba09744ca0_0, v0x7fba09744c00_0;
E_0x7fba0971ea30/3 .event edge, v0x7fba09744b60_0, v0x7fba09744ac0_0;
E_0x7fba0971ea30 .event/or E_0x7fba0971ea30/0, E_0x7fba0971ea30/1, E_0x7fba0971ea30/2, E_0x7fba0971ea30/3;
    .scope S_0x7fba097066d0;
T_0 ;
    %wait E_0x7fba0971ea30;
    %load/vec4 v0x7fba09744ac0_0;
    %inv;
    %load/vec4 v0x7fba09744b60_0;
    %inv;
    %and;
    %load/vec4 v0x7fba09744c00_0;
    %and;
    %load/vec4 v0x7fba09744ca0_0;
    %inv;
    %and;
    %load/vec4 v0x7fba09744ac0_0;
    %inv;
    %load/vec4 v0x7fba09744b60_0;
    %inv;
    %and;
    %load/vec4 v0x7fba09744c00_0;
    %and;
    %load/vec4 v0x7fba09744ca0_0;
    %and;
    %or;
    %load/vec4 v0x7fba09744ac0_0;
    %inv;
    %load/vec4 v0x7fba09744b60_0;
    %and;
    %load/vec4 v0x7fba09744c00_0;
    %inv;
    %and;
    %load/vec4 v0x7fba09744ca0_0;
    %inv;
    %and;
    %or;
    %load/vec4 v0x7fba09744ac0_0;
    %inv;
    %load/vec4 v0x7fba09744b60_0;
    %and;
    %load/vec4 v0x7fba09744c00_0;
    %inv;
    %and;
    %load/vec4 v0x7fba09744ca0_0;
    %and;
    %or;
    %load/vec4 v0x7fba09744ac0_0;
    %inv;
    %load/vec4 v0x7fba09744b60_0;
    %and;
    %load/vec4 v0x7fba09744c00_0;
    %and;
    %load/vec4 v0x7fba09744ca0_0;
    %inv;
    %and;
    %or;
    %load/vec4 v0x7fba09744ac0_0;
    %load/vec4 v0x7fba09744b60_0;
    %inv;
    %and;
    %load/vec4 v0x7fba09744c00_0;
    %inv;
    %and;
    %load/vec4 v0x7fba09744ca0_0;
    %inv;
    %and;
    %or;
    %load/vec4 v0x7fba09744ac0_0;
    %load/vec4 v0x7fba09744b60_0;
    %inv;
    %and;
    %load/vec4 v0x7fba09744c00_0;
    %inv;
    %and;
    %load/vec4 v0x7fba09744ca0_0;
    %and;
    %or;
    %load/vec4 v0x7fba09744ac0_0;
    %load/vec4 v0x7fba09744b60_0;
    %inv;
    %and;
    %load/vec4 v0x7fba09744c00_0;
    %and;
    %load/vec4 v0x7fba09744ca0_0;
    %inv;
    %and;
    %or;
    %load/vec4 v0x7fba09744ac0_0;
    %load/vec4 v0x7fba09744b60_0;
    %and;
    %load/vec4 v0x7fba09744c00_0;
    %inv;
    %and;
    %load/vec4 v0x7fba09744ca0_0;
    %inv;
    %and;
    %or;
    %load/vec4 v0x7fba09744ac0_0;
    %load/vec4 v0x7fba09744b60_0;
    %and;
    %load/vec4 v0x7fba09744c00_0;
    %inv;
    %and;
    %load/vec4 v0x7fba09744ca0_0;
    %and;
    %or;
    %load/vec4 v0x7fba09744ac0_0;
    %load/vec4 v0x7fba09744b60_0;
    %and;
    %load/vec4 v0x7fba09744c00_0;
    %and;
    %load/vec4 v0x7fba09744ca0_0;
    %inv;
    %and;
    %or;
    %store/vec4 v0x7fba0971d070_0, 0, 1;
    %load/vec4 v0x7fba09744ac0_0;
    %inv;
    %load/vec4 v0x7fba09744b60_0;
    %inv;
    %and;
    %load/vec4 v0x7fba09744c00_0;
    %inv;
    %and;
    %load/vec4 v0x7fba09744ca0_0;
    %and;
    %load/vec4 v0x7fba09744ac0_0;
    %inv;
    %load/vec4 v0x7fba09744b60_0;
    %inv;
    %and;
    %load/vec4 v0x7fba09744c00_0;
    %and;
    %load/vec4 v0x7fba09744ca0_0;
    %and;
    %or;
    %load/vec4 v0x7fba09744ac0_0;
    %inv;
    %load/vec4 v0x7fba09744b60_0;
    %and;
    %load/vec4 v0x7fba09744c00_0;
    %inv;
    %and;
    %load/vec4 v0x7fba09744ca0_0;
    %inv;
    %and;
    %or;
    %load/vec4 v0x7fba09744ac0_0;
    %inv;
    %load/vec4 v0x7fba09744b60_0;
    %and;
    %load/vec4 v0x7fba09744c00_0;
    %and;
    %load/vec4 v0x7fba09744ca0_0;
    %inv;
    %and;
    %or;
    %load/vec4 v0x7fba09744ac0_0;
    %inv;
    %load/vec4 v0x7fba09744b60_0;
    %and;
    %load/vec4 v0x7fba09744c00_0;
    %and;
    %load/vec4 v0x7fba09744ca0_0;
    %and;
    %or;
    %load/vec4 v0x7fba09744ac0_0;
    %load/vec4 v0x7fba09744b60_0;
    %inv;
    %and;
    %load/vec4 v0x7fba09744c00_0;
    %inv;
    %and;
    %load/vec4 v0x7fba09744ca0_0;
    %and;
    %or;
    %load/vec4 v0x7fba09744ac0_0;
    %load/vec4 v0x7fba09744b60_0;
    %and;
    %load/vec4 v0x7fba09744c00_0;
    %inv;
    %and;
    %load/vec4 v0x7fba09744ca0_0;
    %inv;
    %and;
    %or;
    %load/vec4 v0x7fba09744ac0_0;
    %load/vec4 v0x7fba09744b60_0;
    %and;
    %load/vec4 v0x7fba09744c00_0;
    %and;
    %load/vec4 v0x7fba09744ca0_0;
    %and;
    %or;
    %store/vec4 v0x7fba09744490_0, 0, 1;
    %load/vec4 v0x7fba09744ac0_0;
    %inv;
    %load/vec4 v0x7fba09744b60_0;
    %inv;
    %and;
    %load/vec4 v0x7fba09744c00_0;
    %inv;
    %and;
    %load/vec4 v0x7fba09744ca0_0;
    %inv;
    %and;
    %load/vec4 v0x7fba09744ac0_0;
    %inv;
    %load/vec4 v0x7fba09744b60_0;
    %inv;
    %and;
    %load/vec4 v0x7fba09744c00_0;
    %and;
    %load/vec4 v0x7fba09744ca0_0;
    %inv;
    %and;
    %or;
    %load/vec4 v0x7fba09744ac0_0;
    %inv;
    %load/vec4 v0x7fba09744b60_0;
    %inv;
    %and;
    %load/vec4 v0x7fba09744c00_0;
    %and;
    %load/vec4 v0x7fba09744ca0_0;
    %and;
    %or;
    %load/vec4 v0x7fba09744ac0_0;
    %inv;
    %load/vec4 v0x7fba09744b60_0;
    %and;
    %load/vec4 v0x7fba09744c00_0;
    %inv;
    %and;
    %load/vec4 v0x7fba09744ca0_0;
    %and;
    %or;
    %load/vec4 v0x7fba09744ac0_0;
    %inv;
    %load/vec4 v0x7fba09744b60_0;
    %and;
    %load/vec4 v0x7fba09744c00_0;
    %and;
    %load/vec4 v0x7fba09744ca0_0;
    %inv;
    %and;
    %or;
    %load/vec4 v0x7fba09744ac0_0;
    %load/vec4 v0x7fba09744b60_0;
    %inv;
    %and;
    %load/vec4 v0x7fba09744c00_0;
    %inv;
    %and;
    %load/vec4 v0x7fba09744ca0_0;
    %inv;
    %and;
    %or;
    %load/vec4 v0x7fba09744ac0_0;
    %load/vec4 v0x7fba09744b60_0;
    %inv;
    %and;
    %load/vec4 v0x7fba09744c00_0;
    %inv;
    %and;
    %load/vec4 v0x7fba09744ca0_0;
    %and;
    %or;
    %load/vec4 v0x7fba09744ac0_0;
    %load/vec4 v0x7fba09744b60_0;
    %inv;
    %and;
    %load/vec4 v0x7fba09744c00_0;
    %and;
    %load/vec4 v0x7fba09744ca0_0;
    %inv;
    %and;
    %or;
    %load/vec4 v0x7fba09744ac0_0;
    %load/vec4 v0x7fba09744b60_0;
    %and;
    %load/vec4 v0x7fba09744c00_0;
    %and;
    %load/vec4 v0x7fba09744ca0_0;
    %and;
    %or;
    %store/vec4 v0x7fba09744530_0, 0, 1;
    %load/vec4 v0x7fba09744ac0_0;
    %inv;
    %load/vec4 v0x7fba09744b60_0;
    %inv;
    %and;
    %load/vec4 v0x7fba09744c00_0;
    %inv;
    %and;
    %load/vec4 v0x7fba09744ca0_0;
    %and;
    %load/vec4 v0x7fba09744ac0_0;
    %inv;
    %load/vec4 v0x7fba09744b60_0;
    %inv;
    %and;
    %load/vec4 v0x7fba09744c00_0;
    %and;
    %load/vec4 v0x7fba09744ca0_0;
    %inv;
    %and;
    %or;
    %load/vec4 v0x7fba09744ac0_0;
    %inv;
    %load/vec4 v0x7fba09744b60_0;
    %inv;
    %and;
    %load/vec4 v0x7fba09744c00_0;
    %and;
    %load/vec4 v0x7fba09744ca0_0;
    %and;
    %or;
    %load/vec4 v0x7fba09744ac0_0;
    %inv;
    %load/vec4 v0x7fba09744b60_0;
    %and;
    %load/vec4 v0x7fba09744c00_0;
    %inv;
    %and;
    %load/vec4 v0x7fba09744ca0_0;
    %inv;
    %and;
    %or;
    %load/vec4 v0x7fba09744ac0_0;
    %inv;
    %load/vec4 v0x7fba09744b60_0;
    %and;
    %load/vec4 v0x7fba09744c00_0;
    %inv;
    %and;
    %load/vec4 v0x7fba09744ca0_0;
    %and;
    %or;
    %load/vec4 v0x7fba09744ac0_0;
    %load/vec4 v0x7fba09744b60_0;
    %inv;
    %and;
    %load/vec4 v0x7fba09744c00_0;
    %inv;
    %and;
    %load/vec4 v0x7fba09744ca0_0;
    %inv;
    %and;
    %or;
    %load/vec4 v0x7fba09744ac0_0;
    %load/vec4 v0x7fba09744b60_0;
    %inv;
    %and;
    %load/vec4 v0x7fba09744c00_0;
    %and;
    %load/vec4 v0x7fba09744ca0_0;
    %and;
    %or;
    %load/vec4 v0x7fba09744ac0_0;
    %load/vec4 v0x7fba09744b60_0;
    %and;
    %load/vec4 v0x7fba09744c00_0;
    %inv;
    %and;
    %load/vec4 v0x7fba09744ca0_0;
    %inv;
    %and;
    %or;
    %load/vec4 v0x7fba09744ac0_0;
    %load/vec4 v0x7fba09744b60_0;
    %and;
    %load/vec4 v0x7fba09744c00_0;
    %inv;
    %and;
    %load/vec4 v0x7fba09744ca0_0;
    %and;
    %or;
    %load/vec4 v0x7fba09744ac0_0;
    %load/vec4 v0x7fba09744b60_0;
    %and;
    %load/vec4 v0x7fba09744c00_0;
    %and;
    %load/vec4 v0x7fba09744ca0_0;
    %inv;
    %and;
    %or;
    %store/vec4 v0x7fba097445c0_0, 0, 1;
    %load/vec4 v0x7fba09744ac0_0;
    %inv;
    %load/vec4 v0x7fba09744b60_0;
    %inv;
    %and;
    %load/vec4 v0x7fba09744c00_0;
    %inv;
    %and;
    %load/vec4 v0x7fba09744ca0_0;
    %and;
    %load/vec4 v0x7fba09744ac0_0;
    %inv;
    %load/vec4 v0x7fba09744b60_0;
    %inv;
    %and;
    %load/vec4 v0x7fba09744c00_0;
    %and;
    %load/vec4 v0x7fba09744ca0_0;
    %inv;
    %and;
    %or;
    %load/vec4 v0x7fba09744ac0_0;
    %inv;
    %load/vec4 v0x7fba09744b60_0;
    %and;
    %load/vec4 v0x7fba09744c00_0;
    %inv;
    %and;
    %load/vec4 v0x7fba09744ca0_0;
    %inv;
    %and;
    %or;
    %load/vec4 v0x7fba09744ac0_0;
    %inv;
    %load/vec4 v0x7fba09744b60_0;
    %and;
    %load/vec4 v0x7fba09744c00_0;
    %and;
    %load/vec4 v0x7fba09744ca0_0;
    %inv;
    %and;
    %or;
    %load/vec4 v0x7fba09744ac0_0;
    %load/vec4 v0x7fba09744b60_0;
    %inv;
    %and;
    %load/vec4 v0x7fba09744c00_0;
    %inv;
    %and;
    %load/vec4 v0x7fba09744ca0_0;
    %inv;
    %and;
    %or;
    %load/vec4 v0x7fba09744ac0_0;
    %load/vec4 v0x7fba09744b60_0;
    %inv;
    %and;
    %load/vec4 v0x7fba09744c00_0;
    %inv;
    %and;
    %load/vec4 v0x7fba09744ca0_0;
    %and;
    %or;
    %load/vec4 v0x7fba09744ac0_0;
    %load/vec4 v0x7fba09744b60_0;
    %inv;
    %and;
    %load/vec4 v0x7fba09744c00_0;
    %and;
    %load/vec4 v0x7fba09744ca0_0;
    %inv;
    %and;
    %or;
    %load/vec4 v0x7fba09744ac0_0;
    %load/vec4 v0x7fba09744b60_0;
    %inv;
    %and;
    %load/vec4 v0x7fba09744c00_0;
    %and;
    %load/vec4 v0x7fba09744ca0_0;
    %and;
    %or;
    %load/vec4 v0x7fba09744ac0_0;
    %load/vec4 v0x7fba09744b60_0;
    %and;
    %load/vec4 v0x7fba09744c00_0;
    %inv;
    %and;
    %load/vec4 v0x7fba09744ca0_0;
    %inv;
    %and;
    %or;
    %load/vec4 v0x7fba09744ac0_0;
    %load/vec4 v0x7fba09744b60_0;
    %and;
    %load/vec4 v0x7fba09744c00_0;
    %and;
    %load/vec4 v0x7fba09744ca0_0;
    %inv;
    %and;
    %or;
    %load/vec4 v0x7fba09744ac0_0;
    %load/vec4 v0x7fba09744b60_0;
    %and;
    %load/vec4 v0x7fba09744c00_0;
    %and;
    %load/vec4 v0x7fba09744ca0_0;
    %and;
    %or;
    %store/vec4 v0x7fba09744660_0, 0, 1;
    %load/vec4 v0x7fba09744ac0_0;
    %inv;
    %load/vec4 v0x7fba09744b60_0;
    %inv;
    %and;
    %load/vec4 v0x7fba09744c00_0;
    %inv;
    %and;
    %load/vec4 v0x7fba09744ca0_0;
    %inv;
    %and;
    %load/vec4 v0x7fba09744ac0_0;
    %inv;
    %load/vec4 v0x7fba09744b60_0;
    %inv;
    %and;
    %load/vec4 v0x7fba09744c00_0;
    %inv;
    %and;
    %load/vec4 v0x7fba09744ca0_0;
    %and;
    %or;
    %load/vec4 v0x7fba09744ac0_0;
    %inv;
    %load/vec4 v0x7fba09744b60_0;
    %and;
    %load/vec4 v0x7fba09744c00_0;
    %inv;
    %and;
    %load/vec4 v0x7fba09744ca0_0;
    %inv;
    %and;
    %or;
    %load/vec4 v0x7fba09744ac0_0;
    %inv;
    %load/vec4 v0x7fba09744b60_0;
    %and;
    %load/vec4 v0x7fba09744c00_0;
    %and;
    %load/vec4 v0x7fba09744ca0_0;
    %inv;
    %and;
    %or;
    %load/vec4 v0x7fba09744ac0_0;
    %inv;
    %load/vec4 v0x7fba09744b60_0;
    %and;
    %load/vec4 v0x7fba09744c00_0;
    %and;
    %load/vec4 v0x7fba09744ca0_0;
    %and;
    %or;
    %load/vec4 v0x7fba09744ac0_0;
    %load/vec4 v0x7fba09744b60_0;
    %inv;
    %and;
    %load/vec4 v0x7fba09744c00_0;
    %and;
    %load/vec4 v0x7fba09744ca0_0;
    %and;
    %or;
    %load/vec4 v0x7fba09744ac0_0;
    %load/vec4 v0x7fba09744b60_0;
    %and;
    %load/vec4 v0x7fba09744c00_0;
    %and;
    %load/vec4 v0x7fba09744ca0_0;
    %and;
    %or;
    %store/vec4 v0x7fba09744740_0, 0, 1;
    %load/vec4 v0x7fba09744ac0_0;
    %inv;
    %load/vec4 v0x7fba09744b60_0;
    %inv;
    %and;
    %load/vec4 v0x7fba09744c00_0;
    %inv;
    %and;
    %load/vec4 v0x7fba09744ca0_0;
    %inv;
    %and;
    %load/vec4 v0x7fba09744ac0_0;
    %inv;
    %load/vec4 v0x7fba09744b60_0;
    %inv;
    %and;
    %load/vec4 v0x7fba09744c00_0;
    %and;
    %load/vec4 v0x7fba09744ca0_0;
    %inv;
    %and;
    %or;
    %load/vec4 v0x7fba09744ac0_0;
    %inv;
    %load/vec4 v0x7fba09744b60_0;
    %inv;
    %and;
    %load/vec4 v0x7fba09744c00_0;
    %and;
    %load/vec4 v0x7fba09744ca0_0;
    %and;
    %or;
    %load/vec4 v0x7fba09744ac0_0;
    %inv;
    %load/vec4 v0x7fba09744b60_0;
    %and;
    %load/vec4 v0x7fba09744c00_0;
    %inv;
    %and;
    %load/vec4 v0x7fba09744ca0_0;
    %and;
    %or;
    %load/vec4 v0x7fba09744ac0_0;
    %load/vec4 v0x7fba09744b60_0;
    %inv;
    %and;
    %load/vec4 v0x7fba09744c00_0;
    %and;
    %load/vec4 v0x7fba09744ca0_0;
    %inv;
    %and;
    %or;
    %load/vec4 v0x7fba09744ac0_0;
    %load/vec4 v0x7fba09744b60_0;
    %inv;
    %and;
    %load/vec4 v0x7fba09744c00_0;
    %and;
    %load/vec4 v0x7fba09744ca0_0;
    %and;
    %or;
    %load/vec4 v0x7fba09744ac0_0;
    %load/vec4 v0x7fba09744b60_0;
    %and;
    %load/vec4 v0x7fba09744c00_0;
    %inv;
    %and;
    %load/vec4 v0x7fba09744ca0_0;
    %and;
    %or;
    %load/vec4 v0x7fba09744ac0_0;
    %load/vec4 v0x7fba09744b60_0;
    %and;
    %load/vec4 v0x7fba09744c00_0;
    %and;
    %load/vec4 v0x7fba09744ca0_0;
    %and;
    %or;
    %store/vec4 v0x7fba097447e0_0, 0, 1;
    %load/vec4 v0x7fba09744ac0_0;
    %inv;
    %load/vec4 v0x7fba09744b60_0;
    %inv;
    %and;
    %load/vec4 v0x7fba09744c00_0;
    %inv;
    %and;
    %load/vec4 v0x7fba09744ca0_0;
    %and;
    %load/vec4 v0x7fba09744ac0_0;
    %inv;
    %load/vec4 v0x7fba09744b60_0;
    %inv;
    %and;
    %load/vec4 v0x7fba09744c00_0;
    %and;
    %load/vec4 v0x7fba09744ca0_0;
    %and;
    %or;
    %load/vec4 v0x7fba09744ac0_0;
    %inv;
    %load/vec4 v0x7fba09744b60_0;
    %and;
    %load/vec4 v0x7fba09744c00_0;
    %inv;
    %and;
    %load/vec4 v0x7fba09744ca0_0;
    %inv;
    %and;
    %or;
    %load/vec4 v0x7fba09744ac0_0;
    %inv;
    %load/vec4 v0x7fba09744b60_0;
    %and;
    %load/vec4 v0x7fba09744c00_0;
    %inv;
    %and;
    %load/vec4 v0x7fba09744ca0_0;
    %and;
    %or;
    %load/vec4 v0x7fba09744ac0_0;
    %inv;
    %load/vec4 v0x7fba09744b60_0;
    %and;
    %load/vec4 v0x7fba09744c00_0;
    %and;
    %load/vec4 v0x7fba09744ca0_0;
    %and;
    %or;
    %load/vec4 v0x7fba09744ac0_0;
    %load/vec4 v0x7fba09744b60_0;
    %inv;
    %and;
    %load/vec4 v0x7fba09744c00_0;
    %inv;
    %and;
    %load/vec4 v0x7fba09744ca0_0;
    %inv;
    %and;
    %or;
    %load/vec4 v0x7fba09744ac0_0;
    %load/vec4 v0x7fba09744b60_0;
    %inv;
    %and;
    %load/vec4 v0x7fba09744c00_0;
    %inv;
    %and;
    %load/vec4 v0x7fba09744ca0_0;
    %and;
    %or;
    %load/vec4 v0x7fba09744ac0_0;
    %load/vec4 v0x7fba09744b60_0;
    %and;
    %load/vec4 v0x7fba09744c00_0;
    %inv;
    %and;
    %load/vec4 v0x7fba09744ca0_0;
    %and;
    %or;
    %load/vec4 v0x7fba09744ac0_0;
    %load/vec4 v0x7fba09744b60_0;
    %and;
    %load/vec4 v0x7fba09744c00_0;
    %and;
    %load/vec4 v0x7fba09744ca0_0;
    %inv;
    %and;
    %or;
    %load/vec4 v0x7fba09744ac0_0;
    %load/vec4 v0x7fba09744b60_0;
    %and;
    %load/vec4 v0x7fba09744c00_0;
    %and;
    %load/vec4 v0x7fba09744ca0_0;
    %and;
    %or;
    %store/vec4 v0x7fba09744880_0, 0, 1;
    %load/vec4 v0x7fba09744ac0_0;
    %inv;
    %load/vec4 v0x7fba09744b60_0;
    %inv;
    %and;
    %load/vec4 v0x7fba09744c00_0;
    %inv;
    %and;
    %load/vec4 v0x7fba09744ca0_0;
    %inv;
    %and;
    %load/vec4 v0x7fba09744ac0_0;
    %inv;
    %load/vec4 v0x7fba09744b60_0;
    %inv;
    %and;
    %load/vec4 v0x7fba09744c00_0;
    %inv;
    %and;
    %load/vec4 v0x7fba09744ca0_0;
    %and;
    %or;
    %load/vec4 v0x7fba09744ac0_0;
    %inv;
    %load/vec4 v0x7fba09744b60_0;
    %and;
    %load/vec4 v0x7fba09744c00_0;
    %inv;
    %and;
    %load/vec4 v0x7fba09744ca0_0;
    %and;
    %or;
    %load/vec4 v0x7fba09744ac0_0;
    %inv;
    %load/vec4 v0x7fba09744b60_0;
    %and;
    %load/vec4 v0x7fba09744c00_0;
    %and;
    %load/vec4 v0x7fba09744ca0_0;
    %and;
    %or;
    %load/vec4 v0x7fba09744ac0_0;
    %load/vec4 v0x7fba09744b60_0;
    %inv;
    %and;
    %load/vec4 v0x7fba09744c00_0;
    %and;
    %load/vec4 v0x7fba09744ca0_0;
    %inv;
    %and;
    %or;
    %load/vec4 v0x7fba09744ac0_0;
    %load/vec4 v0x7fba09744b60_0;
    %inv;
    %and;
    %load/vec4 v0x7fba09744c00_0;
    %and;
    %load/vec4 v0x7fba09744ca0_0;
    %and;
    %or;
    %load/vec4 v0x7fba09744ac0_0;
    %load/vec4 v0x7fba09744b60_0;
    %and;
    %load/vec4 v0x7fba09744c00_0;
    %inv;
    %and;
    %load/vec4 v0x7fba09744ca0_0;
    %inv;
    %and;
    %or;
    %load/vec4 v0x7fba09744ac0_0;
    %load/vec4 v0x7fba09744b60_0;
    %and;
    %load/vec4 v0x7fba09744c00_0;
    %and;
    %load/vec4 v0x7fba09744ca0_0;
    %inv;
    %and;
    %or;
    %load/vec4 v0x7fba09744ac0_0;
    %load/vec4 v0x7fba09744b60_0;
    %and;
    %load/vec4 v0x7fba09744c00_0;
    %and;
    %load/vec4 v0x7fba09744ca0_0;
    %and;
    %or;
    %store/vec4 v0x7fba09744920_0, 0, 1;
    %load/vec4 v0x7fba09744ac0_0;
    %inv;
    %load/vec4 v0x7fba09744b60_0;
    %and;
    %load/vec4 v0x7fba09744c00_0;
    %and;
    %load/vec4 v0x7fba09744ca0_0;
    %inv;
    %and;
    %load/vec4 v0x7fba09744ac0_0;
    %inv;
    %load/vec4 v0x7fba09744b60_0;
    %and;
    %load/vec4 v0x7fba09744c00_0;
    %and;
    %load/vec4 v0x7fba09744ca0_0;
    %and;
    %or;
    %load/vec4 v0x7fba09744ac0_0;
    %load/vec4 v0x7fba09744b60_0;
    %inv;
    %and;
    %load/vec4 v0x7fba09744c00_0;
    %inv;
    %and;
    %load/vec4 v0x7fba09744ca0_0;
    %inv;
    %and;
    %or;
    %load/vec4 v0x7fba09744ac0_0;
    %load/vec4 v0x7fba09744b60_0;
    %inv;
    %and;
    %load/vec4 v0x7fba09744c00_0;
    %inv;
    %and;
    %load/vec4 v0x7fba09744ca0_0;
    %and;
    %or;
    %load/vec4 v0x7fba09744ac0_0;
    %load/vec4 v0x7fba09744b60_0;
    %inv;
    %and;
    %load/vec4 v0x7fba09744c00_0;
    %and;
    %load/vec4 v0x7fba09744ca0_0;
    %inv;
    %and;
    %or;
    %load/vec4 v0x7fba09744ac0_0;
    %load/vec4 v0x7fba09744b60_0;
    %inv;
    %and;
    %load/vec4 v0x7fba09744c00_0;
    %and;
    %load/vec4 v0x7fba09744ca0_0;
    %and;
    %or;
    %load/vec4 v0x7fba09744ac0_0;
    %load/vec4 v0x7fba09744b60_0;
    %and;
    %load/vec4 v0x7fba09744c00_0;
    %inv;
    %and;
    %load/vec4 v0x7fba09744ca0_0;
    %inv;
    %and;
    %or;
    %load/vec4 v0x7fba09744ac0_0;
    %load/vec4 v0x7fba09744b60_0;
    %and;
    %load/vec4 v0x7fba09744c00_0;
    %inv;
    %and;
    %load/vec4 v0x7fba09744ca0_0;
    %and;
    %or;
    %store/vec4 v0x7fba09744a30_0, 0, 1;
    %jmp T_0;
    .thread T_0, $push;
    .scope S_0x7fba0971cd20;
T_1 ;
    %vpi_call 2 56 "$display", "|##|A|B|C|D|F0|F1|F2|F3|F4|F5|F6|F7|F8|F9|" {0 0 0};
    %vpi_call 2 57 "$display", "|==+=+=+=+=+==+==+==+==+==+==+==+==+==+==|" {0 0 0};
    %pushi/vec4 0, 0, 5;
    %store/vec4 v0x7fba09745810_0, 0, 5;
T_1.0 ;
    %load/vec4 v0x7fba09745810_0;
    %pad/u 32;
    %cmpi/u 16, 0, 32;
    %jmp/0xz T_1.1, 5;
    %load/vec4 v0x7fba09745810_0;
    %pad/u 32;
    %pushi/vec4 8, 0, 32;
    %div;
    %pushi/vec4 2, 0, 32;
    %mod;
    %pad/u 1;
    %store/vec4 v0x7fba09744e90_0, 0, 1;
    %load/vec4 v0x7fba09745810_0;
    %pad/u 32;
    %pushi/vec4 4, 0, 32;
    %div;
    %pushi/vec4 2, 0, 32;
    %mod;
    %pad/u 1;
    %store/vec4 v0x7fba09744f20_0, 0, 1;
    %load/vec4 v0x7fba09745810_0;
    %pad/u 32;
    %pushi/vec4 2, 0, 32;
    %div;
    %pushi/vec4 2, 0, 32;
    %mod;
    %pad/u 1;
    %store/vec4 v0x7fba09744fb0_0, 0, 1;
    %load/vec4 v0x7fba09745810_0;
    %pad/u 32;
    %pushi/vec4 1, 0, 32;
    %div;
    %pushi/vec4 2, 0, 32;
    %mod;
    %pad/u 1;
    %store/vec4 v0x7fba09745040_0, 0, 1;
    %delay 12, 0;
    %vpi_call 2 68 "$display", "|%2d|%1d|%1d|%1d|%1d| %1d| %1d| %1d| %1d| %1d| %1d| %1d| %1d| %1d| %1d|", v0x7fba09745810_0, v0x7fba09744e90_0, v0x7fba09744f20_0, v0x7fba09744fb0_0, v0x7fba09745040_0, v0x7fba097450f0_0, v0x7fba097451c0_0, v0x7fba09745270_0, v0x7fba09745320_0, v0x7fba097453d0_0, v0x7fba09745500_0, v0x7fba09745590_0, v0x7fba09745620_0, v0x7fba097456b0_0, v0x7fba09745760_0 {0 0 0};
    %load/vec4 v0x7fba09745810_0;
    %pad/u 32;
    %pushi/vec4 4, 0, 32;
    %mod;
    %cmpi/e 3, 0, 32;
    %jmp/0xz  T_1.2, 4;
    %vpi_call 2 70 "$write", "|--+-+-+-+-+--+--+--+--+--+--+--+--+--+--|\012" {0 0 0};
T_1.2 ;
    %load/vec4 v0x7fba09745810_0;
    %addi 1, 0, 5;
    %store/vec4 v0x7fba09745810_0, 0, 5;
    %jmp T_1.0;
T_1.1 ;
    %delay 10, 0;
    %vpi_call 2 75 "$finish" {0 0 0};
    %end;
    .thread T_1;
# The file index is used to find the file name in the following table.
:file_names 3;
    "N/A";
    "<interactive>";
    "CommonDigitals.verilog.v";
